<?xml version="1.0" encoding="UTF-8"?>
<testng-results ignored="0" total="9" passed="6" failed="3" skipped="0">
  <reporter-output>
  </reporter-output>
  <suite started-at="2025-03-15T01:54:15 IST" name="NSEIndia App Test Suite" finished-at="2025-03-15T01:54:57 IST" duration-ms="42183">
    <groups>
    </groups>
    <test started-at="2025-03-15T01:54:15 IST" name="CompanyInfo Page Test_chrome" finished-at="2025-03-15T01:54:56 IST" duration-ms="41008">
      <class name="com.qa.NSEIndia.tests.CompanyInfoPageTests">
        <test-method is-config="true" signature="setup(java.lang.String)[pri:0, instance:com.qa.NSEIndia.tests.CompanyInfoPageTests@18e36d14]" started-at="2025-03-15T01:54:15 IST" name="setup" finished-at="2025-03-15T01:54:30 IST" duration-ms="14155" status="PASS">
          <params>
            <param index="0">
              <value>
                <![CDATA[chrome]]>
              </value>
            </param>
          </params>
          <reporter-output>
          </reporter-output>
        </test-method> <!-- setup -->
        <test-method signature="selectProductTest(java.lang.String)[pri:0, instance:com.qa.NSEIndia.tests.CompanyInfoPageTests@18e36d14]" started-at="2025-03-15T01:54:30 IST" name="selectProductTest" data-provider="userRegTestData" finished-at="2025-03-15T01:54:42 IST" duration-ms="12896" status="PASS">
          <params>
            <param index="0">
              <value>
                <![CDATA[rcom]]>
              </value>
            </param>
          </params>
          <reporter-output>
          </reporter-output>
        </test-method> <!-- selectProductTest -->
        <test-method signature="selectProductTest(java.lang.String)[pri:0, instance:com.qa.NSEIndia.tests.CompanyInfoPageTests@18e36d14]" started-at="2025-03-15T01:54:42 IST" name="selectProductTest" data-provider="userRegTestData" finished-at="2025-03-15T01:54:48 IST" duration-ms="5436" status="PASS">
          <params>
            <param index="0">
              <value>
                <![CDATA[tatamotors]]>
              </value>
            </param>
          </params>
          <reporter-output>
          </reporter-output>
        </test-method> <!-- selectProductTest -->
        <test-method signature="selectProductTestWithAssert()[pri:0, instance:com.qa.NSEIndia.tests.CompanyInfoPageTests@18e36d14]" started-at="2025-03-15T01:54:48 IST" name="selectProductTestWithAssert" finished-at="2025-03-15T01:54:55 IST" duration-ms="6572" status="PASS">
          <reporter-output>
          </reporter-output>
        </test-method> <!-- selectProductTestWithAssert -->
        <test-method is-config="true" signature="tearDown()[pri:0, instance:com.qa.NSEIndia.tests.CompanyInfoPageTests@18e36d14]" started-at="2025-03-15T01:54:55 IST" name="tearDown" finished-at="2025-03-15T01:54:56 IST" duration-ms="1212" status="PASS">
          <reporter-output>
          </reporter-output>
        </test-method> <!-- tearDown -->
      </class> <!-- com.qa.NSEIndia.tests.CompanyInfoPageTests -->
    </test> <!-- CompanyInfo Page Test_chrome -->
    <test started-at="2025-03-15T01:54:15 IST" name="CompanyInfo Page Test_firefox" finished-at="2025-03-15T01:54:57 IST" duration-ms="41944">
      <class name="com.qa.NSEIndia.tests.CompanyInfoPageTests">
        <test-method is-config="true" signature="setup(java.lang.String)[pri:0, instance:com.qa.NSEIndia.tests.CompanyInfoPageTests@3148f668]" started-at="2025-03-15T01:54:15 IST" name="setup" finished-at="2025-03-15T01:54:41 IST" duration-ms="25587" status="PASS">
          <params>
            <param index="0">
              <value>
                <![CDATA[firefox]]>
              </value>
            </param>
          </params>
          <reporter-output>
          </reporter-output>
        </test-method> <!-- setup -->
        <test-method signature="selectProductTest(java.lang.String)[pri:0, instance:com.qa.NSEIndia.tests.CompanyInfoPageTests@3148f668]" started-at="2025-03-15T01:54:41 IST" name="selectProductTest" data-provider="userRegTestData" finished-at="2025-03-15T01:54:45 IST" duration-ms="4212" status="FAIL">
          <params>
            <param index="0">
              <value>
                <![CDATA[rcom]]>
              </value>
            </param>
          </params>
          <exception class="java.lang.NullPointerException">
            <message>
              <![CDATA[Cannot invoke "org.openqa.selenium.WebElement.getText()" because the return value of "com.qa.NSEIndia.utilities.ElementUtilities.getElement(org.openqa.selenium.By)" is null]]>
            </message>
            <full-stacktrace>
              <![CDATA[java.lang.NullPointerException: Cannot invoke "org.openqa.selenium.WebElement.getText()" because the return value of "com.qa.NSEIndia.utilities.ElementUtilities.getElement(org.openqa.selenium.By)" is null
at com.qa.NSEIndia.utilities.ElementUtilities.doGetText(ElementUtilities.java:79)
at com.qa.NSEIndia.pages.CompanyInfoPage.selectProduct(CompanyInfoPage.java:37)
at com.qa.NSEIndia.tests.CompanyInfoPageTests.selectProductTest(CompanyInfoPageTests.java:26)
at java.base/jdk.internal.reflect.NativeMethodAccessorImpl.invoke0(Native Method)
at java.base/jdk.internal.reflect.NativeMethodAccessorImpl.invoke(NativeMethodAccessorImpl.java:77)
at java.base/jdk.internal.reflect.DelegatingMethodAccessorImpl.invoke(DelegatingMethodAccessorImpl.java:43)
at java.base/java.lang.reflect.Method.invoke(Method.java:568)
at org.testng.internal.MethodInvocationHelper.invokeMethod(MethodInvocationHelper.java:133)
at org.testng.internal.TestInvoker.invokeMethod(TestInvoker.java:584)
at org.testng.internal.TestInvoker.invokeTestMethod(TestInvoker.java:172)
at org.testng.internal.MethodRunner.runInSequence(MethodRunner.java:46)
at org.testng.internal.TestInvoker$MethodInvocationAgent.invoke(TestInvoker.java:804)
at org.testng.internal.TestInvoker.invokeTestMethods(TestInvoker.java:145)
at org.testng.internal.TestMethodWorker.invokeTestMethods(TestMethodWorker.java:146)
at org.testng.internal.TestMethodWorker.run(TestMethodWorker.java:128)
at java.base/java.util.ArrayList.forEach(ArrayList.java:1511)
at org.testng.TestRunner.privateRun(TestRunner.java:770)
at org.testng.TestRunner.run(TestRunner.java:591)
at org.testng.SuiteRunner.runTest(SuiteRunner.java:402)
at org.testng.SuiteRunner.access$000(SuiteRunner.java:41)
at org.testng.SuiteRunner$SuiteWorker.run(SuiteRunner.java:443)
at org.testng.internal.thread.ThreadUtil.lambda$execute$0(ThreadUtil.java:67)
at java.base/java.util.concurrent.FutureTask.run(FutureTask.java:264)
at java.base/java.util.concurrent.ThreadPoolExecutor.runWorker(ThreadPoolExecutor.java:1136)
at java.base/java.util.concurrent.ThreadPoolExecutor$Worker.run(ThreadPoolExecutor.java:635)
at java.base/java.lang.Thread.run(Thread.java:833)
]]>
            </full-stacktrace>
          </exception> <!-- java.lang.NullPointerException -->
          <reporter-output>
          </reporter-output>
        </test-method> <!-- selectProductTest -->
        <test-method signature="selectProductTest(java.lang.String)[pri:0, instance:com.qa.NSEIndia.tests.CompanyInfoPageTests@3148f668]" started-at="2025-03-15T01:54:46 IST" name="selectProductTest" data-provider="userRegTestData" finished-at="2025-03-15T01:54:49 IST" duration-ms="2274" status="FAIL">
          <params>
            <param index="0">
              <value>
                <![CDATA[tatamotors]]>
              </value>
            </param>
          </params>
          <exception class="java.lang.NullPointerException">
            <message>
              <![CDATA[Cannot invoke "org.openqa.selenium.WebElement.getText()" because the return value of "com.qa.NSEIndia.utilities.ElementUtilities.getElement(org.openqa.selenium.By)" is null]]>
            </message>
            <full-stacktrace>
              <![CDATA[java.lang.NullPointerException: Cannot invoke "org.openqa.selenium.WebElement.getText()" because the return value of "com.qa.NSEIndia.utilities.ElementUtilities.getElement(org.openqa.selenium.By)" is null
at com.qa.NSEIndia.utilities.ElementUtilities.doGetText(ElementUtilities.java:79)
at com.qa.NSEIndia.pages.CompanyInfoPage.selectProduct(CompanyInfoPage.java:37)
at com.qa.NSEIndia.tests.CompanyInfoPageTests.selectProductTest(CompanyInfoPageTests.java:26)
at java.base/jdk.internal.reflect.NativeMethodAccessorImpl.invoke0(Native Method)
at java.base/jdk.internal.reflect.NativeMethodAccessorImpl.invoke(NativeMethodAccessorImpl.java:77)
at java.base/jdk.internal.reflect.DelegatingMethodAccessorImpl.invoke(DelegatingMethodAccessorImpl.java:43)
at java.base/java.lang.reflect.Method.invoke(Method.java:568)
at org.testng.internal.MethodInvocationHelper.invokeMethod(MethodInvocationHelper.java:133)
at org.testng.internal.TestInvoker.invokeMethod(TestInvoker.java:584)
at org.testng.internal.TestInvoker.invokeTestMethod(TestInvoker.java:172)
at org.testng.internal.MethodRunner.runInSequence(MethodRunner.java:46)
at org.testng.internal.TestInvoker$MethodInvocationAgent.invoke(TestInvoker.java:804)
at org.testng.internal.TestInvoker.invokeTestMethods(TestInvoker.java:145)
at org.testng.internal.TestMethodWorker.invokeTestMethods(TestMethodWorker.java:146)
at org.testng.internal.TestMethodWorker.run(TestMethodWorker.java:128)
at java.base/java.util.ArrayList.forEach(ArrayList.java:1511)
at org.testng.TestRunner.privateRun(TestRunner.java:770)
at org.testng.TestRunner.run(TestRunner.java:591)
at org.testng.SuiteRunner.runTest(SuiteRunner.java:402)
at org.testng.SuiteRunner.access$000(SuiteRunner.java:41)
at org.testng.SuiteRunner$SuiteWorker.run(SuiteRunner.java:443)
at org.testng.internal.thread.ThreadUtil.lambda$execute$0(ThreadUtil.java:67)
at java.base/java.util.concurrent.FutureTask.run(FutureTask.java:264)
at java.base/java.util.concurrent.ThreadPoolExecutor.runWorker(ThreadPoolExecutor.java:1136)
at java.base/java.util.concurrent.ThreadPoolExecutor$Worker.run(ThreadPoolExecutor.java:635)
at java.base/java.lang.Thread.run(Thread.java:833)
]]>
            </full-stacktrace>
          </exception> <!-- java.lang.NullPointerException -->
          <reporter-output>
          </reporter-output>
        </test-method> <!-- selectProductTest -->
        <test-method signature="selectProductTestWithAssert()[pri:0, instance:com.qa.NSEIndia.tests.CompanyInfoPageTests@3148f668]" started-at="2025-03-15T01:54:49 IST" name="selectProductTestWithAssert" finished-at="2025-03-15T01:54:52 IST" duration-ms="2931" status="FAIL">
          <exception class="java.lang.NullPointerException">
            <message>
              <![CDATA[Cannot invoke "org.openqa.selenium.WebElement.getText()" because the return value of "com.qa.NSEIndia.utilities.ElementUtilities.getElement(org.openqa.selenium.By)" is null]]>
            </message>
            <full-stacktrace>
              <![CDATA[java.lang.NullPointerException: Cannot invoke "org.openqa.selenium.WebElement.getText()" because the return value of "com.qa.NSEIndia.utilities.ElementUtilities.getElement(org.openqa.selenium.By)" is null
at com.qa.NSEIndia.utilities.ElementUtilities.doGetText(ElementUtilities.java:79)
at com.qa.NSEIndia.pages.CompanyInfoPage.selectProduct(CompanyInfoPage.java:37)
at com.qa.NSEIndia.tests.CompanyInfoPageTests.selectProductTestWithAssert(CompanyInfoPageTests.java:35)
at java.base/jdk.internal.reflect.NativeMethodAccessorImpl.invoke0(Native Method)
at java.base/jdk.internal.reflect.NativeMethodAccessorImpl.invoke(NativeMethodAccessorImpl.java:77)
at java.base/jdk.internal.reflect.DelegatingMethodAccessorImpl.invoke(DelegatingMethodAccessorImpl.java:43)
at java.base/java.lang.reflect.Method.invoke(Method.java:568)
at org.testng.internal.MethodInvocationHelper.invokeMethod(MethodInvocationHelper.java:133)
at org.testng.internal.TestInvoker.invokeMethod(TestInvoker.java:584)
at org.testng.internal.TestInvoker.invokeTestMethod(TestInvoker.java:172)
at org.testng.internal.MethodRunner.runInSequence(MethodRunner.java:46)
at org.testng.internal.TestInvoker$MethodInvocationAgent.invoke(TestInvoker.java:804)
at org.testng.internal.TestInvoker.invokeTestMethods(TestInvoker.java:145)
at org.testng.internal.TestMethodWorker.invokeTestMethods(TestMethodWorker.java:146)
at org.testng.internal.TestMethodWorker.run(TestMethodWorker.java:128)
at java.base/java.util.ArrayList.forEach(ArrayList.java:1511)
at org.testng.TestRunner.privateRun(TestRunner.java:770)
at org.testng.TestRunner.run(TestRunner.java:591)
at org.testng.SuiteRunner.runTest(SuiteRunner.java:402)
at org.testng.SuiteRunner.access$000(SuiteRunner.java:41)
at org.testng.SuiteRunner$SuiteWorker.run(SuiteRunner.java:443)
at org.testng.internal.thread.ThreadUtil.lambda$execute$0(ThreadUtil.java:67)
at java.base/java.util.concurrent.FutureTask.run(FutureTask.java:264)
at java.base/java.util.concurrent.ThreadPoolExecutor.runWorker(ThreadPoolExecutor.java:1136)
at java.base/java.util.concurrent.ThreadPoolExecutor$Worker.run(ThreadPoolExecutor.java:635)
at java.base/java.lang.Thread.run(Thread.java:833)
]]>
            </full-stacktrace>
          </exception> <!-- java.lang.NullPointerException -->
          <reporter-output>
          </reporter-output>
        </test-method> <!-- selectProductTestWithAssert -->
        <test-method is-config="true" signature="tearDown()[pri:0, instance:com.qa.NSEIndia.tests.CompanyInfoPageTests@3148f668]" started-at="2025-03-15T01:54:53 IST" name="tearDown" finished-at="2025-03-15T01:54:57 IST" duration-ms="3991" status="PASS">
          <reporter-output>
          </reporter-output>
        </test-method> <!-- tearDown -->
      </class> <!-- com.qa.NSEIndia.tests.CompanyInfoPageTests -->
    </test> <!-- CompanyInfo Page Test_firefox -->
    <test started-at="2025-03-15T01:54:15 IST" name="CompanyInfo Page Test_edge" finished-at="2025-03-15T01:54:57 IST" duration-ms="42183">
      <class name="com.qa.NSEIndia.tests.CompanyInfoPageTests">
        <test-method is-config="true" signature="setup(java.lang.String)[pri:0, instance:com.qa.NSEIndia.tests.CompanyInfoPageTests@38ba6ce3]" started-at="2025-03-15T01:54:15 IST" name="setup" finished-at="2025-03-15T01:54:24 IST" duration-ms="8277" status="PASS">
          <params>
            <param index="0">
              <value>
                <![CDATA[edge]]>
              </value>
            </param>
          </params>
          <reporter-output>
          </reporter-output>
        </test-method> <!-- setup -->
        <test-method signature="selectProductTest(java.lang.String)[pri:0, instance:com.qa.NSEIndia.tests.CompanyInfoPageTests@38ba6ce3]" started-at="2025-03-15T01:54:24 IST" name="selectProductTest" data-provider="userRegTestData" finished-at="2025-03-15T01:54:42 IST" duration-ms="18179" status="PASS">
          <params>
            <param index="0">
              <value>
                <![CDATA[rcom]]>
              </value>
            </param>
          </params>
          <reporter-output>
          </reporter-output>
        </test-method> <!-- selectProductTest -->
        <test-method signature="selectProductTest(java.lang.String)[pri:0, instance:com.qa.NSEIndia.tests.CompanyInfoPageTests@38ba6ce3]" started-at="2025-03-15T01:54:42 IST" name="selectProductTest" data-provider="userRegTestData" finished-at="2025-03-15T01:54:48 IST" duration-ms="5677" status="PASS">
          <params>
            <param index="0">
              <value>
                <![CDATA[tatamotors]]>
              </value>
            </param>
          </params>
          <reporter-output>
          </reporter-output>
        </test-method> <!-- selectProductTest -->
        <test-method signature="selectProductTestWithAssert()[pri:0, instance:com.qa.NSEIndia.tests.CompanyInfoPageTests@38ba6ce3]" started-at="2025-03-15T01:54:48 IST" name="selectProductTestWithAssert" finished-at="2025-03-15T01:54:54 IST" duration-ms="6245" status="PASS">
          <reporter-output>
          </reporter-output>
        </test-method> <!-- selectProductTestWithAssert -->
        <test-method is-config="true" signature="tearDown()[pri:0, instance:com.qa.NSEIndia.tests.CompanyInfoPageTests@38ba6ce3]" started-at="2025-03-15T01:54:54 IST" name="tearDown" finished-at="2025-03-15T01:54:57 IST" duration-ms="2960" status="PASS">
          <reporter-output>
          </reporter-output>
        </test-method> <!-- tearDown -->
      </class> <!-- com.qa.NSEIndia.tests.CompanyInfoPageTests -->
    </test> <!-- CompanyInfo Page Test_edge -->
  </suite> <!-- NSEIndia App Test Suite -->
</testng-results>
